  Page 1                                    Fri May 01 17:11:48 2015

  ******************************************************************
  *                           E P A N E T                          *
  *                   Hydraulic and Water Quality                  *
  *                   Analysis for Pipe Networks                   *
  *                         Version 2.00.12                        *
  ******************************************************************
  
   EPANET FF 1 
  An example network to show the working of the Ford Fulkerson.  
   
      Input Data File ................... ff.inp
      Number of Junctions................ 13
      Number of Reservoirs............... 0
      Number of Tanks ................... 1
      Number of Pipes ................... 14
      Number of Pumps ................... 0
      Number of Valves .................. 0
      Headloss Formula .................. Hazen-Williams
      Hydraulic Timestep ................ 1.00 hrs
      Hydraulic Accuracy ................ 0.001000
      Status Check Frequency ............ 2
      Maximum Trials Checked ............ 10
      Damping Limit Threshold ........... 0.000000
      Maximum Trials .................... 40
      Quality Analysis .................. Chlorine
      Water Quality Time Step ........... 5.00 min
      Water Quality Tolerance ........... 0.01 mg/L
      Specific Gravity .................. 1.00
      Relative Kinematic Viscosity ...... 1.00
      Relative Chemical Diffusivity ..... 1.00
      Demand Multiplier ................. 1.00
      Total Duration .................... 24.00 hrs
      Reporting Criteria:
         No Nodes
         No Links
   
  Analysis begun Fri May 01 17:11:48 2015

     0:00:00: Balanced after 5 trials
     0:00:00: Tank 1 is closed at -1000.00 ft
     0:00:00: Pipe 1 temporarily closed
     0:00:00: Pipe 2 open
     0:00:00: Pipe 3 open
     0:00:00: Pipe 4 open
     0:00:00: Pipe 5 open
     0:00:00: Pipe 6 open
     0:00:00: Pipe 7 open
     0:00:00: Pipe 8 open
     0:00:00: Pipe 9 open
     0:00:00: Pipe 10 open
     0:00:00: Pipe 11 open
     0:00:00: Pipe 12 open
     0:00:00: Pipe 13 open
     0:00:00: Pipe 14 open
   
  WARNING: Negative pressures at 0:00:00 hrs.
  WARNING: Node 2 disconnected at 0:00:00 hrs
  WARNING: Node 3 disconnected at 0:00:00 hrs
  WARNING: Node 4 disconnected at 0:00:00 hrs
  WARNING: Node 5 disconnected at 0:00:00 hrs
  WARNING: Node 6 disconnected at 0:00:00 hrs
  WARNING: Node 7 disconnected at 0:00:00 hrs
  WARNING: Node 8 disconnected at 0:00:00 hrs
  WARNING: Node 9 disconnected at 0:00:00 hrs
  WARNING: Node 10 disconnected at 0:00:00 hrs
  WARNING: Node 11 disconnected at 0:00:00 hrs
  WARNING: 3 additional nodes disconnected at 0:00:00 hrs
  WARNING: System disconnected because of Link 1
  
  Analysis ended Fri May 01 17:11:50 2015
